0 verbose cli /home/anmol/.config/nvm/versions/node/v16.20.2/bin/node /home/anmol/.config/nvm/versions/node/v16.20.2/bin/npm
1 info using npm@8.19.4
2 info using node@v16.20.2
3 timing npm:load:whichnode Completed in 0ms
4 timing config:load:defaults Completed in 4ms
5 timing config:load:file:/home/anmol/.config/nvm/versions/node/v16.20.2/lib/node_modules/npm/npmrc Completed in 1ms
6 timing config:load:builtin Completed in 1ms
7 timing config:load:cli Completed in 14ms
8 timing config:load:env Completed in 1ms
9 warn config tmp This setting is no longer used.  npm stores temporary files in a special
9 warn config location in the cache, and they are managed by
9 warn config     [`cacache`](http://npm.im/cacache).
10 warn config cache-max This option has been deprecated in favor of `--prefer-online`
11 warn config cache-min This option has been deprecated in favor of `--prefer-offline`.
12 warn config production Use `--omit=dev` instead.
13 timing config:load:file:/home/anmol/Github/portfolio-website/.npmrc Completed in 5ms
14 timing config:load:project Completed in 8ms
15 timing config:load:file:/home/user/.npmrc Completed in 0ms
16 timing config:load:user Completed in 0ms
17 timing config:load:file:/usr/local/etc/npmrc Completed in 1ms
18 timing config:load:global Completed in 1ms
19 timing config:load:validate Completed in 2ms
20 timing config:load:credentials Completed in 6ms
21 timing config:load:setEnvs Completed in 2ms
22 timing config:load Completed in 40ms
23 timing npm:load:configload Completed in 40ms
24 timing npm:load:mkdirpcache Completed in 2ms
25 timing npm:load:mkdirplogs Completed in 1ms
26 verbose title npm config list
27 verbose argv "config" "list"
28 timing npm:load:setTitle Completed in 1ms
29 timing config:load:flatten Completed in 6ms
30 timing npm:load:display Completed in 11ms
31 verbose logfile logs-max:10 dir:/home/anmol/Github/portfolio-website/.npm-cache/_logs
32 verbose logfile /home/anmol/Github/portfolio-website/.npm-cache/_logs/2025-07-09T12_52_00_762Z-debug-0.log
33 timing npm:load:logFile Completed in 8ms
34 timing npm:load:timers Completed in 1ms
35 timing npm:load:configScope Completed in 0ms
36 timing npm:load Completed in 65ms
37 warn config This command does not support workspaces.
38 silly logfile done cleaning log files
39 timing command:config Completed in 62ms
40 verbose exit 0
41 timing npm Completed in 143ms
42 info ok
